<?xml version="1.0" encoding="UTF-8"?>
<!-- Generated by org.testng.reporters.JUnitReportReporter -->
<testsuite hostname="DESKTOP-D4SHPE1" name="com.appsrd.stepdefinition.lr_page_test_cases" tests="1" failures="0" timestamp="14 Apr 2021 07:11:53 GMT" time="80.704" errors="0">
  <testcase name="lr_entry_detail" time="80.704" classname="com.appsrd.stepdefinition.lr_page_test_cases"/>
</testsuite> <!-- com.appsrd.stepdefinition.lr_page_test_cases -->
