<?xml version="1.0" encoding="UTF-8"?>
<!-- Generated by org.testng.reporters.JUnitReportReporter -->
<testsuite hostname="DESKTOP-D4SHPE1" name="com.appsrd.stepdefinition.login_page_test_cases" tests="2" failures="0" timestamp="31 Mar 2021 07:11:36 GMT" time="39.497" errors="0">
  <testcase name="login_with_incorrect_password" time="14.569" classname="com.appsrd.stepdefinition.login_page_test_cases"/>
  <testcase name="login_with_correct__username_password" time="24.928" classname="com.appsrd.stepdefinition.login_page_test_cases"/>
</testsuite> <!-- com.appsrd.stepdefinition.login_page_test_cases -->
