<?xml version="1.0" encoding="UTF-8"?>
<!-- Generated by org.testng.reporters.JUnitReportReporter -->
<testsuite hostname="DESKTOP-D4SHPE1" name="com.appsrd.stepdefinition.report_page_test_cases" tests="1" failures="0" timestamp="31 Mar 2021 07:11:36 GMT" time="105.182" errors="0">
  <testcase name="Memo_less_report" time="105.182" classname="com.appsrd.stepdefinition.report_page_test_cases"/>
</testsuite> <!-- com.appsrd.stepdefinition.report_page_test_cases -->
