<?xml version="1.0" encoding="UTF-8"?>
<!-- Generated by org.testng.reporters.JUnitReportReporter -->
<testsuite hostname="DESKTOP-D4SHPE1" name="com.appsrd.stepdefinition.report_page_test_cases" tests="1" failures="0" timestamp="3 Apr 2021 08:55:53 GMT" time="65.508" errors="0">
  <testcase name="GC_Not_ReceivedReport" time="65.508" classname="com.appsrd.stepdefinition.report_page_test_cases"/>
</testsuite> <!-- com.appsrd.stepdefinition.report_page_test_cases -->
