<?xml version="1.0" encoding="UTF-8"?>
<!-- Generated by org.testng.reporters.JUnitReportReporter -->
<testsuite hostname="DESKTOP-D4SHPE1" name="com.appsrd.stepdefinition.login_page_test_cases" tests="3" failures="0" timestamp="29 Mar 2021 07:13:31 GMT" time="73.901" errors="0">
  <testcase name="Forget_password" time="21.448" classname="com.appsrd.stepdefinition.login_page_test_cases"/>
  <testcase name="login_with_incorrect_password" time="28.030" classname="com.appsrd.stepdefinition.login_page_test_cases"/>
  <testcase name="login_with_correct__username_password" time="24.423" classname="com.appsrd.stepdefinition.login_page_test_cases"/>
</testsuite> <!-- com.appsrd.stepdefinition.login_page_test_cases -->
